<COMMENT,  >
<COMMENT,  >
<BEGIN,  >
<TYPE, int>
<ID, a>
<ASSIGN,  >
<NUM, 10>
<SEMI,  >
<TYPE, bool>
<ID, b>
<SEMI,  >
<ID, a>
<ASSIGN,  >
<ID, a>
<ADD_OP,  >
<NUM, 5>
<SEMI,  >
<IF,  >
<PARENTHESIS_OPEN,  >
<ID, a>
<REL_OP, >=>
<NUM, 10>
<PARENTHESIS_CLOSE,  >
<THEN,  >
<BRACE_OPEN,  >
<ID, a>
<ASSIGN,  >
<ID, a>
<MUL_OP,  >
<NUM, 2>
<SEMI,  >
<BRACE_CLOSE,  >
<DO,  >
<BRACE_OPEN,  >
<ID, a>
<ASSIGN,  >
<ID, a>
<SEMI,  >
<BRACE_CLOSE,  >
<WHILE,  >
<PARENTHESIS_OPEN,  >
<ID, b>
<PARENTHESIS_CLOSE,  >
<END,  >
<COMMENT,  >
